<?xml version="1.0" encoding="UTF-8"?>
<testng-results skipped="0" failed="0" ignored="0" total="1" passed="1">
  <reporter-output>
  </reporter-output>
  <suite name="com.selenium.tests.AppTest" duration-ms="25263" started-at="2018-06-26T07:58:56Z" finished-at="2018-06-26T07:59:21Z">
    <groups>
    </groups>
    <test name="Command line test" duration-ms="25263" started-at="2018-06-26T07:58:56Z" finished-at="2018-06-26T07:59:21Z">
      <class name="com.selenium.tests.AppTest">
        <test-method status="PASS" signature="TestSetup()[pri:0, instance:com.selenium.tests.AppTest@668bc3d5]" name="TestSetup" is-config="true" duration-ms="3958" started-at="2018-06-26T07:58:56Z" finished-at="2018-06-26T07:59:00Z">
          <reporter-output>
          </reporter-output>
        </test-method> <!-- TestSetup -->
        <test-method status="PASS" signature="SeleniumTest()[pri:0, instance:com.selenium.tests.AppTest@668bc3d5]" name="SeleniumTest" duration-ms="20487" started-at="2018-06-26T07:59:00Z" finished-at="2018-06-26T07:59:20Z">
          <reporter-output>
          </reporter-output>
        </test-method> <!-- SeleniumTest -->
        <test-method status="PASS" signature="CloseDriver()[pri:0, instance:com.selenium.tests.AppTest@668bc3d5]" name="CloseDriver" is-config="true" duration-ms="798" started-at="2018-06-26T07:59:20Z" finished-at="2018-06-26T07:59:21Z">
          <reporter-output>
          </reporter-output>
        </test-method> <!-- CloseDriver -->
      </class> <!-- com.selenium.tests.AppTest -->
    </test> <!-- Command line test -->
  </suite> <!-- com.selenium.tests.AppTest -->
</testng-results>
